<?xml version="1.0" encoding="UTF-8"?>
<testng-results skipped="0" failed="0" ignored="0" total="2" passed="2">
  <reporter-output>
  </reporter-output>
  <suite name="Default suite" duration-ms="7291" started-at="2020-02-24T21:07:58Z" finished-at="2020-02-24T21:08:05Z">
    <groups>
    </groups>
    <test name="Default test" duration-ms="7291" started-at="2020-02-24T21:07:58Z" finished-at="2020-02-24T21:08:05Z">
      <class name="getRequest.GetDataAdvance">
        <test-method status="PASS" signature="testBody()[pri:0, instance:getRequest.GetDataAdvance@396a51ab]" name="testBody" duration-ms="5301" started-at="2020-02-24T21:07:58Z" finished-at="2020-02-24T21:08:03Z">
          <reporter-output>
          </reporter-output>
        </test-method> <!-- testBody -->
        <test-method status="PASS" signature="testResponseCode()[pri:0, instance:getRequest.GetDataAdvance@396a51ab]" name="testResponseCode" duration-ms="1965" started-at="2020-02-24T21:08:03Z" finished-at="2020-02-24T21:08:05Z">
          <reporter-output>
          </reporter-output>
        </test-method> <!-- testResponseCode -->
      </class> <!-- getRequest.GetDataAdvance -->
    </test> <!-- Default test -->
  </suite> <!-- Default suite -->
</testng-results>
